Microsoft Windows [Version 10.0.19044.2006]
(c) Microsoft Corporation. All rights reserved.

C:\Users\QA592MK\Downloads\MLOps_Exercise>docker pull jenkins/jenkins:lts-jdk11
lts-jdk11: Pulling from jenkins/jenkins
1671565cc8df: Pull complete
1e010a8344e7: Pull complete
f7406b2e1315: Pull complete
a7516ebe83d2: Pull complete
a51dca64e82b: Pull complete
77ef07b6a141: Pull complete
2ac030a719df: Pull complete
263bf74244c0: Pull complete
620f54e03b44: Pull complete
59e43d37c904: Pull complete
c9dbe2415122: Pull complete
2c049b4765e9: Pull complete
c2b2538c867b: Pull complete
57c5d5e596fd: Pull complete
Digest: sha256:5508cb1317aa0ede06cb34767fb1ab3860d1307109ade577d5df871f62170214
Status: Downloaded newer image for jenkins/jenkins:lts-jdk11
docker.io/jenkins/jenkins:lts-jdk11

C:\Users\QA592MK\Downloads\MLOps_Exercise>docker run -p 8080:8080 -p 50000:50000 --restart=on-failure jenkins/jenkins:lts-jdk11
Running from: /usr/share/jenkins/jenkins.war
webroot: EnvVars.masterEnvVars.get("JENKINS_HOME")
2022-09-26 07:09:02.008+0000 [id=1]     INFO    winstone.Logger#logInternal: Beginning extraction from war file
2022-09-26 07:09:04.322+0000 [id=1]     WARNING o.e.j.s.handler.ContextHandler#setContextPath: Empty contextPath
2022-09-26 07:09:04.478+0000 [id=1]     INFO    org.eclipse.jetty.server.Server#doStart: jetty-10.0.11; built: 2022-06-21T21:12:44.640Z; git: d988aa016e0bb2de6fba84c1659049c72eae3e32; jvm 11.0.16.1+1
2022-09-26 07:09:05.230+0000 [id=1]     INFO    o.e.j.w.StandardDescriptorProcessor#visitServlet: NO JSP Support for /, did not find org.eclipse.jetty.jsp.JettyJspServlet
2022-09-26 07:09:05.418+0000 [id=1]     INFO    o.e.j.s.s.DefaultSessionIdManager#doStart: Session workerName=node0
2022-09-26 07:09:06.911+0000 [id=1]     INFO    hudson.WebAppMain#contextInitialized: Jenkins home directory: /var/jenkins_home found at: EnvVars.masterEnvVars.get("JENKINS_HOME")
2022-09-26 07:09:07.487+0000 [id=1]     INFO    o.e.j.s.handler.ContextHandler#doStart: Started w.@4d8286c4{Jenkins v2.361.1,/,file:///var/jenkins_home/war/,AVAILABLE}{/var/jenkins_home/war}
2022-09-26 07:09:07.558+0000 [id=1]     INFO    o.e.j.server.AbstractConnector#doStart: Started ServerConnector@e84a8e1{HTTP/1.1, (http/1.1)}{0.0.0.0:8080}
2022-09-26 07:09:07.618+0000 [id=1]     INFO    org.eclipse.jetty.server.Server#doStart: Started Server@32c8e539{STARTING}[10.0.11,sto=0] @6808ms
2022-09-26 07:09:07.658+0000 [id=25]    INFO    winstone.Logger#logInternal: Winstone Servlet Engine running: controlPort=disabled
2022-09-26 07:09:08.530+0000 [id=32]    INFO    jenkins.InitReactorRunner$1#onAttained: Started initialization
2022-09-26 07:09:08.600+0000 [id=35]    INFO    jenkins.InitReactorRunner$1#onAttained: Listed all plugins
2022-09-26 07:09:10.808+0000 [id=35]    INFO    jenkins.InitReactorRunner$1#onAttained: Prepared all plugins
2022-09-26 07:09:10.821+0000 [id=42]    INFO    jenkins.InitReactorRunner$1#onAttained: Started all plugins
2022-09-26 07:09:10.842+0000 [id=37]    INFO    jenkins.InitReactorRunner$1#onAttained: Augmented all extensions
2022-09-26 07:09:11.507+0000 [id=37]    INFO    jenkins.InitReactorRunner$1#onAttained: System config loaded
2022-09-26 07:09:11.508+0000 [id=37]    INFO    jenkins.InitReactorRunner$1#onAttained: System config adapted
2022-09-26 07:09:11.508+0000 [id=37]    INFO    jenkins.InitReactorRunner$1#onAttained: Loaded all jobs
2022-09-26 07:09:11.510+0000 [id=37]    INFO    jenkins.InitReactorRunner$1#onAttained: Configuration for all jobs updated
2022-09-26 07:09:11.591+0000 [id=58]    INFO    hudson.model.AsyncPeriodicWork#lambda$doRun$1: Started Download metadata2022-09-26 07:09:11.632+0000 [id=58]    INFO    hudson.util.Retrier#start: Attempt #1 to do the action check updates server
WARNING: An illegal reflective access operation has occurred
WARNING: Illegal reflective access by org.codehaus.groovy.vmplugin.v7.Java7$1 (file:/var/jenkins_home/war/WEB-INF/lib/groovy-all-2.4.21.jar) to constructor java.lang.invoke.MethodHandles$Lookup(java.lang.Class,int)
WARNING: Please consider reporting this to the maintainers of org.codehaus.groovy.vmplugin.v7.Java7$1
WARNING: Use --illegal-access=warn to enable warnings of further illegal reflective access operations
WARNING: All illegal access operations will be denied in a future release
2022-09-26 07:09:13.010+0000 [id=30]    INFO    jenkins.install.SetupWizard#init:

*************************************************************
*************************************************************
*************************************************************

Jenkins initial setup is required. An admin user has been created and a password generated.
Please use the following password to proceed to installation:

1f0e673df5a048318b717adf35af5502

This may also be found at: /var/jenkins_home/secrets/initialAdminPassword

*************************************************************
*************************************************************
*************************************************************

2022-09-26 07:09:13.581+0000 [id=30]    WARNING hudson.model.UpdateCenter#updateDefaultSite: Upgrading Jenkins. Failed to update the default Update Site 'default'. Plugin upgrades may fail.
sun.security.provider.certpath.SunCertPathBuilderException: unable to find valid certification path to requested target
        at java.base/sun.security.provider.certpath.SunCertPathBuilder.build(SunCertPathBuilder.java:141)
        at java.base/sun.security.provider.certpath.SunCertPathBuilder.engineBuild(SunCertPathBuilder.java:126)
        at java.base/java.security.cert.CertPathBuilder.build(CertPathBuilder.java:297)
        at java.base/sun.security.validator.PKIXValidator.doBuild(PKIXValidator.java:434)
Caused: sun.security.validator.ValidatorException: PKIX path building failed
        at java.base/sun.security.validator.PKIXValidator.doBuild(PKIXValidator.java:439)
        at java.base/sun.security.validator.PKIXValidator.engineValidate(PKIXValidator.java:306)
        at java.base/sun.security.validator.Validator.validate(Validator.java:264)
        at java.base/sun.security.ssl.X509TrustManagerImpl.validate(X509TrustManagerImpl.java:313)
        at java.base/sun.security.ssl.X509TrustManagerImpl.checkTrusted(X509TrustManagerImpl.java:222)
        at java.base/sun.security.ssl.X509TrustManagerImpl.checkServerTrusted(X509TrustManagerImpl.java:129)
        at java.base/sun.security.ssl.CertificateMessage$T13CertificateConsumer.checkServerCerts(CertificateMessage.java:1341)
Caused: javax.net.ssl.SSLHandshakeException: PKIX path building failed: sun.security.provider.certpath.SunCertPathBuilderException: unable to find valid certification path to requested target
        at java.base/sun.security.ssl.Alert.createSSLException(Alert.java:131)
        at java.base/sun.security.ssl.TransportContext.fatal(TransportContext.java:353)
        at java.base/sun.security.ssl.TransportContext.fatal(TransportContext.java:296)
        at java.base/sun.security.ssl.TransportContext.fatal(TransportContext.java:291)
        at java.base/sun.security.ssl.CertificateMessage$T13CertificateConsumer.checkServerCerts(CertificateMessage.java:1357)
        at java.base/sun.security.ssl.CertificateMessage$T13CertificateConsumer.onConsumeCertificate(CertificateMessage.java:1232)
        at java.base/sun.security.ssl.CertificateMessage$T13CertificateConsumer.consume(CertificateMessage.java:1175)
        at java.base/sun.security.ssl.SSLHandshake.consume(SSLHandshake.java:392)
        at java.base/sun.security.ssl.HandshakeContext.dispatch(HandshakeContext.java:443)
        at java.base/sun.security.ssl.HandshakeContext.dispatch(HandshakeContext.java:421)
        at java.base/sun.security.ssl.TransportContext.dispatch(TransportContext.java:183)
        at java.base/sun.security.ssl.SSLTransport.decode(SSLTransport.java:172)
        at java.base/sun.security.ssl.SSLSocketImpl.decode(SSLSocketImpl.java:1506)
        at java.base/sun.security.ssl.SSLSocketImpl.readHandshakeRecord(SSLSocketImpl.java:1416)
        at java.base/sun.security.ssl.SSLSocketImpl.startHandshake(SSLSocketImpl.java:456)
        at java.base/sun.security.ssl.SSLSocketImpl.startHandshake(SSLSocketImpl.java:427)
        at java.base/sun.net.www.protocol.https.HttpsClient.afterConnect(HttpsClient.java:572)
        at java.base/sun.net.www.protocol.https.AbstractDelegateHttpsURLConnection.connect(AbstractDelegateHttpsURLConnection.java:201)
        at java.base/sun.net.www.protocol.http.HttpURLConnection.getInputStream0(HttpURLConnection.java:1592)
        at java.base/sun.net.www.protocol.http.HttpURLConnection.getInputStream(HttpURLConnection.java:1520)
        at java.base/sun.net.www.protocol.https.HttpsURLConnectionImpl.getInputStream(HttpsURLConnectionImpl.java:250)
        at hudson.model.DownloadService.loadJSON(DownloadService.java:122)
        at hudson.model.UpdateSite.updateDirectlyNow(UpdateSite.java:219)
        at hudson.model.UpdateSite.updateDirectlyNow(UpdateSite.java:214)
        at hudson.model.UpdateCenter.updateDefaultSite(UpdateCenter.java:2672)
        at jenkins.install.SetupWizard.init(SetupWizard.java:209)
        at jenkins.install.InstallState$InitialSecuritySetup.initializeState(InstallState.java:182)
        at jenkins.model.Jenkins.setInstallState(Jenkins.java:1133)
        at jenkins.install.InstallUtil.proceedToNextStateFrom(InstallUtil.java:99)
        at jenkins.install.InstallState$Unknown.initializeState(InstallState.java:88)
        at jenkins.model.Jenkins$15.run(Jenkins.java:3499)
        at org.jvnet.hudson.reactor.TaskGraphBuilder$TaskImpl.run(TaskGraphBuilder.java:175)
        at org.jvnet.hudson.reactor.Reactor.runTask(Reactor.java:305)
        at jenkins.model.Jenkins$5.runTask(Jenkins.java:1160)
        at org.jvnet.hudson.reactor.Reactor$2.run(Reactor.java:222)
        at org.jvnet.hudson.reactor.Reactor$Node.run(Reactor.java:121)
        at jenkins.security.ImpersonatingExecutorService$1.run(ImpersonatingExecutorService.java:70)
        at java.base/java.util.concurrent.ThreadPoolExecutor.runWorker(ThreadPoolExecutor.java:1128)
        at java.base/java.util.concurrent.ThreadPoolExecutor$Worker.run(ThreadPoolExecutor.java:628)
        at java.base/java.lang.Thread.run(Thread.java:829)
2022-09-26 07:09:13.588+0000 [id=58]    INFO    hudson.util.Retrier#start: The attempt #1 to do the action check updates server failed with an allowed exception:
sun.security.provider.certpath.SunCertPathBuilderException: unable to find valid certification path to requested target
        at java.base/sun.security.provider.certpath.SunCertPathBuilder.build(SunCertPathBuilder.java:141)
        at java.base/sun.security.provider.certpath.SunCertPathBuilder.engineBuild(SunCertPathBuilder.java:126)
        at java.base/java.security.cert.CertPathBuilder.build(CertPathBuilder.java:297)
        at java.base/sun.security.validator.PKIXValidator.doBuild(PKIXValidator.java:434)
Caused: sun.security.validator.ValidatorException: PKIX path building failed
        at java.base/sun.security.validator.PKIXValidator.doBuild(PKIXValidator.java:439)
        at java.base/sun.security.validator.PKIXValidator.engineValidate(PKIXValidator.java:306)
        at java.base/sun.security.validator.Validator.validate(Validator.java:264)
        at java.base/sun.security.ssl.X509TrustManagerImpl.validate(X509TrustManagerImpl.java:313)
        at java.base/sun.security.ssl.X509TrustManagerImpl.checkTrusted(X509TrustManagerImpl.java:222)
        at java.base/sun.security.ssl.X509TrustManagerImpl.checkServerTrusted(X509TrustManagerImpl.java:129)
        at java.base/sun.security.ssl.CertificateMessage$T13CertificateConsumer.checkServerCerts(CertificateMessage.java:1341)
Caused: javax.net.ssl.SSLHandshakeException: PKIX path building failed: sun.security.provider.certpath.SunCertPathBuilderException: unable to find valid certification path to requested target
        at java.base/sun.security.ssl.Alert.createSSLException(Alert.java:131)
        at java.base/sun.security.ssl.TransportContext.fatal(TransportContext.java:353)
        at java.base/sun.security.ssl.TransportContext.fatal(TransportContext.java:296)
        at java.base/sun.security.ssl.TransportContext.fatal(TransportContext.java:291)
        at java.base/sun.security.ssl.CertificateMessage$T13CertificateConsumer.checkServerCerts(CertificateMessage.java:1357)
        at java.base/sun.security.ssl.CertificateMessage$T13CertificateConsumer.onConsumeCertificate(CertificateMessage.java:1232)
        at java.base/sun.security.ssl.CertificateMessage$T13CertificateConsumer.consume(CertificateMessage.java:1175)
        at java.base/sun.security.ssl.SSLHandshake.consume(SSLHandshake.java:392)
        at java.base/sun.security.ssl.HandshakeContext.dispatch(HandshakeContext.java:443)
        at java.base/sun.security.ssl.HandshakeContext.dispatch(HandshakeContext.java:421)
        at java.base/sun.security.ssl.TransportContext.dispatch(TransportContext.java:183)
        at java.base/sun.security.ssl.SSLTransport.decode(SSLTransport.java:172)
        at java.base/sun.security.ssl.SSLSocketImpl.decode(SSLSocketImpl.java:1506)
        at java.base/sun.security.ssl.SSLSocketImpl.readHandshakeRecord(SSLSocketImpl.java:1416)
        at java.base/sun.security.ssl.SSLSocketImpl.startHandshake(SSLSocketImpl.java:456)
        at java.base/sun.security.ssl.SSLSocketImpl.startHandshake(SSLSocketImpl.java:427)
        at java.base/sun.net.www.protocol.https.HttpsClient.afterConnect(HttpsClient.java:572)
        at java.base/sun.net.www.protocol.https.AbstractDelegateHttpsURLConnection.connect(AbstractDelegateHttpsURLConnection.java:201)
        at java.base/sun.net.www.protocol.http.HttpURLConnection.getInputStream0(HttpURLConnection.java:1592)
        at java.base/sun.net.www.protocol.http.HttpURLConnection.getInputStream(HttpURLConnection.java:1520)
        at java.base/sun.net.www.protocol.https.HttpsURLConnectionImpl.getInputStream(HttpsURLConnectionImpl.java:250)
        at hudson.model.DownloadService.loadJSON(DownloadService.java:122)
        at hudson.model.UpdateSite.updateDirectlyNow(UpdateSite.java:219)
        at hudson.model.UpdateSite.updateDirectlyNow(UpdateSite.java:214)
        at hudson.PluginManager.checkUpdatesServer(PluginManager.java:1951)
        at hudson.util.Retrier.start(Retrier.java:62)
        at hudson.PluginManager.doCheckUpdatesServer(PluginManager.java:1922)
        at jenkins.DailyCheck.execute(DailyCheck.java:93)
        at hudson.model.AsyncPeriodicWork.lambda$doRun$1(AsyncPeriodicWork.java:102)
        at java.base/java.lang.Thread.run(Thread.java:829)
2022-09-26 07:09:13.590+0000 [id=34]    INFO    jenkins.InitReactorRunner$1#onAttained: Completed initialization
2022-09-26 07:09:13.592+0000 [id=58]    INFO    hudson.util.Retrier#start: Calling the listener of the allowed exception 'PKIX path building failed: sun.security.provider.certpath.SunCertPathBuilderException: unable to find valid certification path to requested target' at the attempt #1 to do the action check updates server
2022-09-26 07:09:13.617+0000 [id=58]    INFO    hudson.util.Retrier#start: Attempted the action check updates server for 1 time(s) with no success
2022-09-26 07:09:13.621+0000 [id=58]    SEVERE  hudson.PluginManager#doCheckUpdatesServer: Error checking update sites for 1 attempt(s). Last exception was: SSLHandshakeException: PKIX path building failed: sun.security.provider.certpath.SunCertPathBuilderException: unable to find valid certification path to requested target
2022-09-26 07:09:13.639+0000 [id=58]    INFO    hudson.model.AsyncPeriodicWork#lambda$doRun$1: Finished Download metadata. 2,042 ms
2022-09-26 07:09:13.680+0000 [id=24]    INFO    hudson.lifecycle.Lifecycle#onReady: Jenkins is fully up and running
2022-09-26 07:11:40.420+0000 [id=74]    INFO    hudson.PluginManager#install: Starting installation of a batch of 0 plugins plus their dependencies
2022-09-26 07:11:40.433+0000 [id=81]    INFO    h.m.UpdateCenter$CompleteBatchJob#run: Completing installing of plugin batch…
2022-09-26 07:11:40.542+0000 [id=83]    INFO    jenkins.InitReactorRunner$1#onAttained: Started initialization
2022-09-26 07:11:40.549+0000 [id=86]    INFO    jenkins.InitReactorRunner$1#onAttained: Listed all plugins
2022-09-26 07:11:40.551+0000 [id=91]    INFO    jenkins.InitReactorRunner$1#onAttained: Prepared all plugins
2022-09-26 07:11:40.553+0000 [id=96]    INFO    jenkins.InitReactorRunner$1#onAttained: Started all plugins
2022-09-26 07:11:40.560+0000 [id=85]    INFO    jenkins.InitReactorRunner$1#onAttained: Augmented all extensions
2022-09-26 07:11:40.561+0000 [id=85]    INFO    jenkins.InitReactorRunner$1#onAttained: System config loaded
2022-09-26 07:11:40.563+0000 [id=85]    INFO    jenkins.InitReactorRunner$1#onAttained: System config adapted
2022-09-26 07:11:40.569+0000 [id=85]    INFO    jenkins.InitReactorRunner$1#onAttained: Loaded all jobs
2022-09-26 07:11:40.582+0000 [id=90]    INFO    jenkins.InitReactorRunner$1#onAttained: Configuration for all jobs updated
2022-09-26 07:11:40.583+0000 [id=94]    INFO    jenkins.InitReactorRunner$1#onAttained: Completed initialization
2022-09-26 07:11:40.609+0000 [id=81]    INFO    h.m.UpdateCenter$CompleteBatchJob#run: Completed installation of 0 plugins in 0.17 sec
2022-09-26 07:14:03.482+0000 [id=101]   INFO    h.model.UpdateCenter$DownloadJob#run: Starting the installation of skip-certificate-check on behalf of vinaykumarsangi
2022-09-26 07:14:03.488+0000 [id=101]   INFO    h.m.UpdateCenter$UpdateCenterConfiguration#download: Downloading skip-certificate-check
2022-09-26 07:14:03.799+0000 [id=101]   WARNING hudson.ClassicPluginStrategy#createClassJarFromWebInfClasses: Created /var/jenkins_home/plugins/skip-certificate-check/WEB-INF/lib/classes.jar; update plugin to a version created with a newer harness
2022-09-26 07:14:03.981+0000 [id=101]   INFO    hudson.PluginManager#considerDetachedPlugin: Loading a detached plugin as a dependency: /var/jenkins_home/plugins/mailer.jpi
2022-09-26 07:14:04.158+0000 [id=101]   INFO    hudson.PluginManager#considerDetachedPlugin: Loading a detached plugin as a dependency: /var/jenkins_home/plugins/bouncycastle-api.jpi
2022-09-26 07:14:04.630+0000 [id=101]   INFO    hudson.PluginManager#considerDetachedPlugin: Loading a detached plugin as a dependency: /var/jenkins_home/plugins/instance-identity.jpi
2022-09-26 07:14:04.681+0000 [id=101]   INFO    hudson.PluginManager#considerDetachedPlugin: Loading a detached plugin as a dependency: /var/jenkins_home/plugins/javax-mail-api.jpi
2022-09-26 07:14:04.780+0000 [id=101]   INFO    hudson.PluginManager#considerDetachedPlugin: Loading a detached plugin as a dependency: /var/jenkins_home/plugins/display-url-api.jpi
2022-09-26 07:14:04.821+0000 [id=101]   INFO    hudson.PluginManager#considerDetachedPlugin: Loading a detached plugin as a dependency: /var/jenkins_home/plugins/javax-activation-api.jpi
2022-09-26 07:14:04.888+0000 [id=101]   INFO    hudson.PluginManager#considerDetachedPlugin: Loading a detached plugin as a dependency: /var/jenkins_home/plugins/matrix-auth.jpi
2022-09-26 07:14:04.949+0000 [id=101]   INFO    hudson.PluginManager#considerDetachedPlugin: Loading a detached plugin as a dependency: /var/jenkins_home/plugins/sshd.jpi
2022-09-26 07:14:05.090+0000 [id=101]   INFO    hudson.PluginManager#considerDetachedPlugin: Loading a detached plugin as a dependency: /var/jenkins_home/plugins/windows-slaves.jpi
2022-09-26 07:14:05.158+0000 [id=101]   INFO    hudson.PluginManager#considerDetachedPlugin: Loading a detached plugin as a dependency: /var/jenkins_home/plugins/antisamy-markup-formatter.jpi
2022-09-26 07:14:05.322+0000 [id=101]   INFO    hudson.PluginManager#considerDetachedPlugin: Loading a detached plugin as a dependency: /var/jenkins_home/plugins/jquery3-api.jpi
2022-09-26 07:14:05.371+0000 [id=101]   INFO    hudson.PluginManager#considerDetachedPlugin: Loading a detached plugin as a dependency: /var/jenkins_home/plugins/caffeine-api.jpi
2022-09-26 07:14:05.421+0000 [id=101]   INFO    hudson.PluginManager#considerDetachedPlugin: Loading a detached plugin as a dependency: /var/jenkins_home/plugins/plugin-util-api.jpi
2022-09-26 07:14:05.461+0000 [id=101]   INFO    hudson.PluginManager#considerDetachedPlugin: Loading a detached plugin as a dependency: /var/jenkins_home/plugins/popper2-api.jpi
2022-09-26 07:14:05.499+0000 [id=101]   INFO    hudson.PluginManager#considerDetachedPlugin: Loading a detached plugin as a dependency: /var/jenkins_home/plugins/scm-api.jpi
2022-09-26 07:14:05.520+0000 [id=101]   INFO    hudson.PluginManager#considerDetachedPlugin: Loading a detached plugin as a dependency: /var/jenkins_home/plugins/matrix-project.jpi
2022-09-26 07:14:05.553+0000 [id=101]   INFO    hudson.PluginManager#considerDetachedPlugin: Loading a detached plugin as a dependency: /var/jenkins_home/plugins/checks-api.jpi
2022-09-26 07:14:05.571+0000 [id=101]   INFO    hudson.PluginManager#considerDetachedPlugin: Loading a detached plugin as a dependency: /var/jenkins_home/plugins/bootstrap5-api.jpi
2022-09-26 07:14:05.640+0000 [id=101]   INFO    hudson.PluginManager#considerDetachedPlugin: Loading a detached plugin as a dependency: /var/jenkins_home/plugins/workflow-api.jpi
2022-09-26 07:14:05.660+0000 [id=101]   INFO    hudson.PluginManager#considerDetachedPlugin: Loading a detached plugin as a dependency: /var/jenkins_home/plugins/echarts-api.jpi
2022-09-26 07:14:06.528+0000 [id=101]   INFO    hudson.PluginManager#considerDetachedPlugin: Loading a detached plugin as a dependency: /var/jenkins_home/plugins/snakeyaml-api.jpi
2022-09-26 07:14:06.559+0000 [id=101]   INFO    hudson.PluginManager#considerDetachedPlugin: Loading a detached plugin as a dependency: /var/jenkins_home/plugins/junit.jpi
2022-09-26 07:14:06.591+0000 [id=101]   INFO    hudson.PluginManager#considerDetachedPlugin: Loading a detached plugin as a dependency: /var/jenkins_home/plugins/workflow-support.jpi
2022-09-26 07:14:06.622+0000 [id=101]   INFO    hudson.PluginManager#considerDetachedPlugin: Loading a detached plugin as a dependency: /var/jenkins_home/plugins/font-awesome-api.jpi
2022-09-26 07:14:06.672+0000 [id=101]   INFO    hudson.PluginManager#considerDetachedPlugin: Loading a detached plugin as a dependency: /var/jenkins_home/plugins/script-security.jpi
2022-09-26 07:14:06.693+0000 [id=101]   INFO    hudson.PluginManager#considerDetachedPlugin: Loading a detached plugin as a dependency: /var/jenkins_home/plugins/workflow-step-api.jpi
2022-09-26 07:14:06.713+0000 [id=101]   INFO    hudson.PluginManager#considerDetachedPlugin: Loading a detached plugin as a dependency: /var/jenkins_home/plugins/jackson2-api.jpi
2022-09-26 07:14:06.868+0000 [id=101]   INFO    hudson.PluginManager#considerDetachedPlugin: Loading a detached plugin as a dependency: /var/jenkins_home/plugins/structs.jpi
2022-09-26 07:14:06.898+0000 [id=101]   INFO    hudson.PluginManager#considerDetachedPlugin: Loading a detached plugin as a dependency: /var/jenkins_home/plugins/command-launcher.jpi
2022-09-26 07:14:06.928+0000 [id=101]   INFO    hudson.PluginManager#considerDetachedPlugin: Loading a detached plugin as a dependency: /var/jenkins_home/plugins/jdk-tool.jpi
2022-09-26 07:14:06.968+0000 [id=101]   INFO    hudson.PluginManager#considerDetachedPlugin: Loading a detached plugin as a dependency: /var/jenkins_home/plugins/trilead-api.jpi
2022-09-26 07:14:07.023+0000 [id=101]   INFO    hudson.PluginManager#considerDetachedPlugin: Loading a detached plugin as a dependency: /var/jenkins_home/plugins/jaxb.jpi
2022-09-26 07:14:07.208+0000 [id=102]   INFO    jenkins.InitReactorRunner$1#onAttained: Started initialization
2022-09-26 07:14:07.210+0000 [id=106]   INFO    jenkins.InitReactorRunner$1#onAttained: Listed all plugins
2022-09-26 07:14:07.220+0000 [id=112]   INFO    jenkins.InitReactorRunner$1#onAttained: Prepared all plugins
2022-09-26 07:14:07.223+0000 [id=115]   INFO    jenkins.InitReactorRunner$1#onAttained: Started all plugins
2022-09-26 07:14:07.228+0000 [id=105]   INFO    jenkins.InitReactorRunner$1#onAttained: Augmented all extensions
2022-09-26 07:14:07.229+0000 [id=105]   INFO    jenkins.InitReactorRunner$1#onAttained: System config loaded
2022-09-26 07:14:07.231+0000 [id=113]   INFO    jenkins.InitReactorRunner$1#onAttained: System config adapted
2022-09-26 07:14:07.233+0000 [id=113]   INFO    jenkins.InitReactorRunner$1#onAttained: Loaded all jobs
2022-09-26 07:14:07.238+0000 [id=115]   INFO    jenkins.InitReactorRunner$1#onAttained: Configuration for all jobs updated
2022-09-26 07:14:07.239+0000 [id=115]   INFO    jenkins.InitReactorRunner$1#onAttained: Completed initialization
2022-09-26 07:14:07.248+0000 [id=101]   INFO    h.model.UpdateCenter$DownloadJob#run: Installation successful: skip-certificate-check
2022-09-26 07:14:15.522+0000 [id=17]    INFO    hudson.model.UpdateCenter#doSafeRestart: Scheduling Jenkins reboot
2022-09-26 07:14:15.541+0000 [id=119]   INFO    hudson.lifecycle.Lifecycle#onStatusUpdate: Restart in 10 seconds
2022-09-26 07:14:25.540+0000 [id=119]   INFO    hudson.lifecycle.Lifecycle#onStop: Stopping Jenkins as requested by vinaykumarsangi
2022-09-26 07:14:25.549+0000 [id=119]   INFO    hudson.lifecycle.Lifecycle#onStatusUpdate: Stopping Jenkins
2022-09-26 07:14:25.562+0000 [id=119]   INFO    jenkins.model.Jenkins$16#onAttained: Started termination
2022-09-26 07:14:25.597+0000 [id=119]   INFO    jenkins.model.Jenkins$16#onAttained: Completed termination
2022-09-26 07:14:25.597+0000 [id=119]   INFO    jenkins.model.Jenkins#_cleanUpDisconnectComputers: Starting node disconnection
2022-09-26 07:14:25.648+0000 [id=124]   WARNING h.ExtensionFinder$GuiceFinder$FaultTolerantScope$1#error: Failed to instantiate Key[type=jenkins.slaves.JnlpSlaveAgentProtocol4, annotation=[none]]; skipping this component
java.security.KeyStoreException: JENKINS-41987: no X509Certificate found; perhaps instance-identity plugin is not installed
        at jenkins.slaves.JnlpSlaveAgentProtocol4.<init>(JnlpSlaveAgentProtocol4.java:106)
        at jenkins.slaves.JnlpSlaveAgentProtocol4$$FastClassByGuice$$309130492.GUICE$TRAMPOLINE(<generated>)
        at jenkins.slaves.JnlpSlaveAgentProtocol4$$FastClassByGuice$$309130492.apply(<generated>)
        at com.google.inject.internal.DefaultConstructionProxyFactory$FastClassProxy.newInstance(DefaultConstructionProxyFactory.java:82)
        at com.google.inject.internal.ConstructorInjector.provision(ConstructorInjector.java:114)
        at com.google.inject.internal.ConstructorInjector.access$000(ConstructorInjector.java:33)
        at com.google.inject.internal.ConstructorInjector$1.call(ConstructorInjector.java:98)
        at com.google.inject.internal.ProvisionListenerStackCallback$Provision.provision(ProvisionListenerStackCallback.java:109)
        at hudson.ExtensionFinder$GuiceFinder$SezpozModule.onProvision(ExtensionFinder.java:568)
        at com.google.inject.internal.ProvisionListenerStackCallback$Provision.provision(ProvisionListenerStackCallback.java:117)
        at com.google.inject.internal.ProvisionListenerStackCallback.provision(ProvisionListenerStackCallback.java:66)
        at com.google.inject.internal.ConstructorInjector.construct(ConstructorInjector.java:93)
        at com.google.inject.internal.ConstructorBindingImpl$Factory.get(ConstructorBindingImpl.java:296)
        at com.google.inject.internal.ProviderToInternalFactoryAdapter.get(ProviderToInternalFactoryAdapter.java:40)
Caused: com.google.inject.ProvisionException: Unable to provision, see the following errors:

1) [Guice/ErrorInjectingConstructor]: KeyStoreException: JENKINS-41987: no X509Certificate found; perhaps instance-identity plugin is not installed
  at JnlpSlaveAgentProtocol4.<init>(JnlpSlaveAgentProtocol4.java:102)

Learn more:
  https://github.com/google/guice/wiki/ERROR_INJECTING_CONSTRUCTOR

1 error

======================
Full classname legend:
======================
JnlpSlaveAgentProtocol4: "jenkins.slaves.JnlpSlaveAgentProtocol4"
KeyStoreException:       "java.security.KeyStoreException"
========================
End of classname legend:
========================

        at com.google.inject.internal.InternalProvisionException.toProvisionException(InternalProvisionException.java:251)
        at com.google.inject.internal.ProviderToInternalFactoryAdapter.get(ProviderToInternalFactoryAdapter.java:43)
        at com.google.inject.internal.SingletonScope$1.get(SingletonScope.java:169)
        at hudson.ExtensionFinder$GuiceFinder$FaultTolerantScope$1.get(ExtensionFinder.java:444)
        at com.google.inject.internal.InternalFactoryToProviderAdapter.get(InternalFactoryToProviderAdapter.java:45)
        at com.google.inject.internal.InjectorImpl$1.get(InjectorImpl.java:1100)
        at hudson.ExtensionFinder$GuiceFinder._find(ExtensionFinder.java:402)
        at hudson.ExtensionFinder$GuiceFinder.find(ExtensionFinder.java:393)
        at hudson.ClassicPluginStrategy.findComponents(ClassicPluginStrategy.java:359)
        at hudson.ExtensionList.load(ExtensionList.java:384)
        at hudson.ExtensionList.ensureLoaded(ExtensionList.java:320)
        at hudson.ExtensionList.iterator(ExtensionList.java:172)
        at jenkins.AgentProtocol.of(AgentProtocol.java:111)
        at hudson.TcpSlaveAgentListener$ConnectionHandler.run(TcpSlaveAgentListener.java:277)
2022-09-26 07:14:25.770+0000 [id=119]   INFO    jenkins.model.Jenkins#_cleanUpShutdownPluginManager: Stopping plugin manager
2022-09-26 07:14:25.777+0000 [id=119]   INFO    jenkins.model.Jenkins#_cleanUpPersistQueue: Persisting build queue
2022-09-26 07:14:25.788+0000 [id=119]   INFO    jenkins.model.Jenkins#_cleanUpAwaitDisconnects: Waiting for node disconnection completion
2022-09-26 07:14:25.789+0000 [id=119]   INFO    hudson.lifecycle.Lifecycle#onStatusUpdate: Jenkins stopped
2022-09-26 07:14:25.790+0000 [id=26]    INFO    winstone.Logger#logInternal: JVM is terminating. Shutting down Jetty

C:\Users\QA592MK\Downloads\MLOps_Exercise>docker ps
CONTAINER ID   IMAGE                       COMMAND                  CREATED        STATUS          PORTS                                              NAMES
cd7f0991620f   jenkins/jenkins:lts-jdk11   "/usr/bin/tini -- /u…"   29 hours ago   Up 12 minutes   0.0.0.0:8080->8080/tcp, 0.0.0.0:50000->50000/tcp   agitated_euclid
d58567cf324a   heart_diseases              "/bin/sh -c 'uvicorn…"   2 days ago     Up 2 days       0.0.0.0:7000->7000/tcp                             trusting_shockley

C:\Users\QA592MK\Downloads\MLOps_Exercise>

C:\Users\QA592MK\Downloads\MLOps_Exercise>docker exec
"docker exec" requires at least 2 arguments.
See 'docker exec --help'.

Usage:  docker exec [OPTIONS] CONTAINER COMMAND [ARG...]

Run a command in a running container

C:\Users\QA592MK\Downloads\MLOps_Exercise>docker exec -it -u root cd7f0991620f /bin/bash
root@cd7f0991620f:/# apt-get update && apt-get install docker.io
Get:1 http://deb.debian.org/debian bullseye InRelease [116 kB]
Get:2 http://deb.debian.org/debian-security bullseye-security InRelease [48.4 kB]
Err:3 https://packagecloud.io/github/git-lfs/debian bullseye InRelease
  Certificate verification failed: The certificate is NOT trusted. The certificate issuer is unknown.  Could not handshake: Error in the certificate verification. [IP: 52.8.166.117 443]
Get:4 http://deb.debian.org/debian bullseye-updates InRelease [44.1 kB]
Get:5 http://deb.debian.org/debian bullseye/main amd64 Packages [8184 kB]
Get:6 http://deb.debian.org/debian-security bullseye-security/main amd64 Packages [185 kB]
Get:7 http://deb.debian.org/debian bullseye-updates/main amd64 Packages [6344 B]
Fetched 8583 kB in 14s (623 kB/s)
Reading package lists... Done
W: Failed to fetch https://packagecloud.io/github/git-lfs/debian/dists/bullseye/InRelease  Certificate verification failed: The certificate is NOT trusted. The certificate issuer is unknown.  Could not handshake: Error in the certificate verification. [IP: 52.8.166.117 443]
W: Some index files failed to download. They have been ignored, or old ones used instead.
Reading package lists... Done
Building dependency tree... Done
Reading state information... Done
The following additional packages will be installed:
  apparmor binutils binutils-common binutils-x86-64-linux-gnu cgroupfs-mount containerd dbus dmsetup gettext-base iptables libapparmor1 libargon2-1 libbinutils libcap2
  libcryptsetup12 libctf-nobfd0 libctf0 libdbus-1-3 libdevmapper1.02.1 libintl-perl libintl-xs-perl libip4tc2 libip6tc2 libjansson4 libjson-c5 libkmod2 libmnl0
  libmodule-find-perl libmodule-scandeps-perl libnetfilter-conntrack3 libnfnetlink0 libnftables1 libnftnl11 libnss-systemd libpam-systemd libproc-processtable-perl
  libsort-naturally-perl libsystemd0 libterm-readkey-perl libxtables12 needrestart netbase nftables runc systemd systemd-sysv systemd-timesyncd xz-utils
Suggested packages:
  apparmor-profiles-extra apparmor-utils binutils-doc containernetworking-plugins default-dbus-session-bus | dbus-session-bus docker-doc aufs-tools btrfs-progs
  debootstrap rinse rootlesskit xfsprogs zfs-fuse | zfsutils-linux firewalld kmod needrestart-session | libnotify-bin iucode-tool systemd-container policykit-1
Recommended packages:
  criu
The following NEW packages will be installed:
  apparmor binutils binutils-common binutils-x86-64-linux-gnu cgroupfs-mount containerd dbus dmsetup docker.io gettext-base iptables libapparmor1 libargon2-1 libbinutils
  libcap2 libcryptsetup12 libctf-nobfd0 libctf0 libdbus-1-3 libdevmapper1.02.1 libintl-perl libintl-xs-perl libip4tc2 libip6tc2 libjansson4 libjson-c5 libkmod2 libmnl0
  libmodule-find-perl libmodule-scandeps-perl libnetfilter-conntrack3 libnfnetlink0 libnftables1 libnftnl11 libnss-systemd libpam-systemd libproc-processtable-perl
  libsort-naturally-perl libterm-readkey-perl libxtables12 needrestart netbase nftables runc systemd systemd-sysv systemd-timesyncd xz-utils
The following packages will be upgraded:
  libsystemd0
1 upgraded, 48 newly installed, 0 to remove and 15 not upgraded.
Need to get 74.8 MB of archives.
After this operation, 325 MB of additional disk space will be used.
Do you want to continue? [Y/n] y
Get:1 http://deb.debian.org/debian bullseye/main amd64 libsystemd0 amd64 247.3-7+deb11u1 [376 kB]
Get:2 http://deb.debian.org/debian bullseye/main amd64 libjansson4 amd64 2.13.1-1.1 [39.7 kB]
Get:3 http://deb.debian.org/debian bullseye/main amd64 libmnl0 amd64 1.0.4-3 [12.5 kB]
Get:4 http://deb.debian.org/debian bullseye/main amd64 libnftnl11 amd64 1.1.9-1 [63.7 kB]
Get:5 http://deb.debian.org/debian bullseye/main amd64 libxtables12 amd64 1.8.7-1 [45.1 kB]
Get:6 http://deb.debian.org/debian bullseye/main amd64 libnftables1 amd64 0.9.8-3.1 [261 kB]
Get:7 http://deb.debian.org/debian bullseye/main amd64 nftables amd64 0.9.8-3.1 [68.5 kB]
Get:8 http://deb.debian.org/debian bullseye/main amd64 libapparmor1 amd64 2.13.6-10 [99.3 kB]
Get:9 http://deb.debian.org/debian bullseye/main amd64 libcap2 amd64 1:2.44-1 [23.6 kB]
Get:10 http://deb.debian.org/debian bullseye/main amd64 libargon2-1 amd64 0~20171227-0.2 [19.6 kB]
Get:11 http://deb.debian.org/debian bullseye/main amd64 dmsetup amd64 2:1.02.175-2.1 [92.1 kB]
Get:12 http://deb.debian.org/debian bullseye/main amd64 libdevmapper1.02.1 amd64 2:1.02.175-2.1 [143 kB]
Get:13 http://deb.debian.org/debian bullseye/main amd64 libjson-c5 amd64 0.15-2 [42.8 kB]
Get:14 http://deb.debian.org/debian bullseye/main amd64 libcryptsetup12 amd64 2:2.3.7-1+deb11u1 [248 kB]
Get:15 http://deb.debian.org/debian bullseye/main amd64 libip4tc2 amd64 1.8.7-1 [34.6 kB]
Get:16 http://deb.debian.org/debian bullseye/main amd64 libkmod2 amd64 28-1 [55.6 kB]
Get:17 http://deb.debian.org/debian bullseye/main amd64 systemd amd64 247.3-7+deb11u1 [4501 kB]
Get:18 http://deb.debian.org/debian bullseye/main amd64 systemd-sysv amd64 247.3-7+deb11u1 [113 kB]
Get:19 http://deb.debian.org/debian bullseye/main amd64 libdbus-1-3 amd64 1.12.20-2 [219 kB]
Get:20 http://deb.debian.org/debian bullseye/main amd64 dbus amd64 1.12.20-2 [239 kB]
Get:21 http://deb.debian.org/debian bullseye/main amd64 runc amd64 1.0.0~rc93+ds1-5+deb11u2 [2428 kB]
Get:22 http://deb.debian.org/debian bullseye/main amd64 containerd amd64 1.4.13~ds1-1~deb11u2 [20.9 MB]
Get:23 http://deb.debian.org/debian bullseye/main amd64 libip6tc2 amd64 1.8.7-1 [35.0 kB]
Get:24 http://deb.debian.org/debian bullseye/main amd64 netbase all 6.3 [19.9 kB]
Get:25 http://deb.debian.org/debian bullseye/main amd64 libnfnetlink0 amd64 1.0.1-3+b1 [13.9 kB]
Get:26 http://deb.debian.org/debian bullseye/main amd64 libnetfilter-conntrack3 amd64 1.0.8-3 [40.6 kB]
Get:27 http://deb.debian.org/debian bullseye/main amd64 iptables amd64 1.8.7-1 [382 kB]
Get:28 http://deb.debian.org/debian bullseye/main amd64 docker.io amd64 20.10.5+dfsg1-1+deb11u2 [36.9 MB]
Err:28 http://deb.debian.org/debian bullseye/main amd64 docker.io amd64 20.10.5+dfsg1-1+deb11u2
  Connection timed out [IP: 151.101.158.132 80]
Err:29 http://deb.debian.org/debian bullseye/main amd64 gettext-base amd64 0.21-4
  Connection failed [IP: 151.101.158.132 80]
Err:30 http://deb.debian.org/debian bullseye/main amd64 libnss-systemd amd64 247.3-7+deb11u1
  Connection failed [IP: 151.101.158.132 80]
Get:31 http://deb.debian.org/debian bullseye/main amd64 libpam-systemd amd64 247.3-7+deb11u1 [283 kB]
Err:31 http://deb.debian.org/debian bullseye/main amd64 libpam-systemd amd64 247.3-7+deb11u1
  Connection timed out [IP: 151.101.158.132 80]
Get:32 http://deb.debian.org/debian bullseye/main amd64 systemd-timesyncd amd64 247.3-7+deb11u1 [131 kB]
Err:32 http://deb.debian.org/debian bullseye/main amd64 systemd-timesyncd amd64 247.3-7+deb11u1
  Connection timed out [IP: 151.101.158.132 80]
Get:33 http://deb.debian.org/debian bullseye/main amd64 xz-utils amd64 5.2.5-2.1~deb11u1 [220 kB]
Ign:33 http://deb.debian.org/debian bullseye/main amd64 xz-utils amd64 5.2.5-2.1~deb11u1
Err:34 http://deb.debian.org/debian bullseye/main amd64 apparmor amd64 2.13.6-10
  Could not resolve 'deb.debian.org' [IP: 151.101.158.132 80]
Err:35 http://deb.debian.org/debian bullseye/main amd64 binutils-common amd64 2.35.2-2
  Could not resolve 'deb.debian.org' [IP: 151.101.158.132 80]
Err:36 http://deb.debian.org/debian bullseye/main amd64 libbinutils amd64 2.35.2-2
  Could not resolve 'deb.debian.org' [IP: 151.101.158.132 80]
Err:37 http://deb.debian.org/debian bullseye/main amd64 libctf-nobfd0 amd64 2.35.2-2
  Could not resolve 'deb.debian.org' [IP: 151.101.158.132 80]
Err:38 http://deb.debian.org/debian bullseye/main amd64 libctf0 amd64 2.35.2-2
  Could not resolve 'deb.debian.org' [IP: 151.101.158.132 80]
Err:39 http://deb.debian.org/debian bullseye/main amd64 binutils-x86-64-linux-gnu amd64 2.35.2-2
  Could not resolve 'deb.debian.org' [IP: 151.101.158.132 80]
Err:40 http://deb.debian.org/debian bullseye/main amd64 binutils amd64 2.35.2-2
  Could not resolve 'deb.debian.org' [IP: 151.101.158.132 80]
Err:41 http://deb.debian.org/debian bullseye/main amd64 cgroupfs-mount all 1.4
  Could not resolve 'deb.debian.org' [IP: 151.101.158.132 80]
Err:42 http://deb.debian.org/debian bullseye/main amd64 libintl-perl all 1.26-3+deb11u1
  Could not resolve 'deb.debian.org' [IP: 151.101.158.132 80]
Err:43 http://deb.debian.org/debian bullseye/main amd64 libintl-xs-perl amd64 1.26-3+deb11u1
  Could not resolve 'deb.debian.org' [IP: 151.101.158.132 80]
Err:44 http://deb.debian.org/debian bullseye/main amd64 libmodule-find-perl all 0.15-1
  Could not resolve 'deb.debian.org' [IP: 151.101.158.132 80]
Err:45 http://deb.debian.org/debian bullseye/main amd64 libmodule-scandeps-perl all 1.30-1
  Could not resolve 'deb.debian.org' [IP: 151.101.158.132 80]
Err:46 http://deb.debian.org/debian bullseye/main amd64 libproc-processtable-perl amd64 0.59-2+b1
  Could not resolve 'deb.debian.org' [IP: 151.101.158.132 80]
Err:47 http://deb.debian.org/debian bullseye/main amd64 libsort-naturally-perl all 1.03-2
  Could not resolve 'deb.debian.org' [IP: 151.101.158.132 80]
Err:48 http://deb.debian.org/debian bullseye/main amd64 libterm-readkey-perl amd64 2.38-1+b2
  Could not resolve 'deb.debian.org' [IP: 151.101.158.132 80]
Err:49 http://deb.debian.org/debian bullseye/main amd64 needrestart all 3.5-4+deb11u2
  Could not resolve 'deb.debian.org' [IP: 151.101.158.132 80]
Err:33 http://deb.debian.org/debian bullseye/main amd64 xz-utils amd64 5.2.5-2.1~deb11u1
  Error reading from server. Remote end closed connection [IP: 151.101.158.132 80]
Fetched 30.5 MB in 5min 53s (86.4 kB/s)
E: Failed to fetch http://deb.debian.org/debian/pool/main/d/docker.io/docker.io_20.10.5%2bdfsg1-1%2bdeb11u2_amd64.deb  Connection timed out [IP: 151.101.158.132 80]
E: Failed to fetch http://deb.debian.org/debian/pool/main/g/gettext/gettext-base_0.21-4_amd64.deb  Connection failed [IP: 151.101.158.132 80]
E: Failed to fetch http://deb.debian.org/debian/pool/main/s/systemd/libnss-systemd_247.3-7%2bdeb11u1_amd64.deb  Connection failed [IP: 151.101.158.132 80]
E: Failed to fetch http://deb.debian.org/debian/pool/main/s/systemd/libpam-systemd_247.3-7%2bdeb11u1_amd64.deb  Connection timed out [IP: 151.101.158.132 80]
E: Failed to fetch http://deb.debian.org/debian/pool/main/s/systemd/systemd-timesyncd_247.3-7%2bdeb11u1_amd64.deb  Connection timed out [IP: 151.101.158.132 80]
E: Failed to fetch http://deb.debian.org/debian-security/pool/updates/main/x/xz-utils/xz-utils_5.2.5-2.1%7edeb11u1_amd64.deb  Error reading from server. Remote end closed connection [IP: 151.101.158.132 80]
E: Failed to fetch http://deb.debian.org/debian/pool/main/a/apparmor/apparmor_2.13.6-10_amd64.deb  Could not resolve 'deb.debian.org' [IP: 151.101.158.132 80]
E: Failed to fetch http://deb.debian.org/debian/pool/main/b/binutils/binutils-common_2.35.2-2_amd64.deb  Could not resolve 'deb.debian.org' [IP: 151.101.158.132 80]
E: Failed to fetch http://deb.debian.org/debian/pool/main/b/binutils/libbinutils_2.35.2-2_amd64.deb  Could not resolve 'deb.debian.org' [IP: 151.101.158.132 80]
E: Failed to fetch http://deb.debian.org/debian/pool/main/b/binutils/libctf-nobfd0_2.35.2-2_amd64.deb  Could not resolve 'deb.debian.org' [IP: 151.101.158.132 80]
E: Failed to fetch http://deb.debian.org/debian/pool/main/b/binutils/libctf0_2.35.2-2_amd64.deb  Could not resolve 'deb.debian.org' [IP: 151.101.158.132 80]
E: Failed to fetch http://deb.debian.org/debian/pool/main/b/binutils/binutils-x86-64-linux-gnu_2.35.2-2_amd64.deb  Could not resolve 'deb.debian.org' [IP: 151.101.158.132 80]
E: Failed to fetch http://deb.debian.org/debian/pool/main/b/binutils/binutils_2.35.2-2_amd64.deb  Could not resolve 'deb.debian.org' [IP: 151.101.158.132 80]
E: Failed to fetch http://deb.debian.org/debian/pool/main/c/cgroupfs-mount/cgroupfs-mount_1.4_all.deb  Could not resolve 'deb.debian.org' [IP: 151.101.158.132 80]
E: Failed to fetch http://deb.debian.org/debian/pool/main/libi/libintl-perl/libintl-perl_1.26-3%2bdeb11u1_all.deb  Could not resolve 'deb.debian.org' [IP: 151.101.158.132 80]
E: Failed to fetch http://deb.debian.org/debian/pool/main/libi/libintl-perl/libintl-xs-perl_1.26-3%2bdeb11u1_amd64.deb  Could not resolve 'deb.debian.org' [IP: 151.101.158.132 80]
E: Failed to fetch http://deb.debian.org/debian/pool/main/libm/libmodule-find-perl/libmodule-find-perl_0.15-1_all.deb  Could not resolve 'deb.debian.org' [IP: 151.101.158.132 80]
E: Failed to fetch http://deb.debian.org/debian/pool/main/libm/libmodule-scandeps-perl/libmodule-scandeps-perl_1.30-1_all.deb  Could not resolve 'deb.debian.org' [IP: 151.101.158.132 80]
E: Failed to fetch http://deb.debian.org/debian/pool/main/libp/libproc-processtable-perl/libproc-processtable-perl_0.59-2%2bb1_amd64.deb  Could not resolve 'deb.debian.org' [IP: 151.101.158.132 80]
E: Failed to fetch http://deb.debian.org/debian/pool/main/libs/libsort-naturally-perl/libsort-naturally-perl_1.03-2_all.deb  Could not resolve 'deb.debian.org' [IP: 151.101.158.132 80]
E: Failed to fetch http://deb.debian.org/debian/pool/main/libt/libterm-readkey-perl/libterm-readkey-perl_2.38-1%2bb2_amd64.deb  Could not resolve 'deb.debian.org' [IP: 151.101.158.132 80]
E: Failed to fetch http://deb.debian.org/debian/pool/main/n/needrestart/needrestart_3.5-4%2bdeb11u2_all.deb  Could not resolve 'deb.debian.org' [IP: 151.101.158.132 80]
E: Unable to fetch some archives, maybe run apt-get update or try with --fix-missing?
root@cd7f0991620f:/# apt-get update && apt-get install docker.io
Hit:1 http://deb.debian.org/debian bullseye InRelease
Get:2 http://deb.debian.org/debian-security bullseye-security InRelease [48.4 kB]
Err:3 https://packagecloud.io/github/git-lfs/debian bullseye InRelease
  Certificate verification failed: The certificate is NOT trusted. The certificate issuer is unknown.  Could not handshake: Error in the certificate verification. [IP: 52.8.238.238 443]
Get:4 http://deb.debian.org/debian bullseye-updates InRelease [44.1 kB]
Get:5 http://deb.debian.org/debian-security bullseye-security/main amd64 Packages [186 kB]
Fetched 279 kB in 3s (103 kB/s)
Reading package lists... Done
W: Failed to fetch https://packagecloud.io/github/git-lfs/debian/dists/bullseye/InRelease  Certificate verification failed: The certificate is NOT trusted. The certificate issuer is unknown.  Could not handshake: Error in the certificate verification. [IP: 52.8.238.238 443]
W: Some index files failed to download. They have been ignored, or old ones used instead.
Reading package lists... Done
Building dependency tree... Done
Reading state information... Done
The following additional packages will be installed:
  apparmor binutils binutils-common binutils-x86-64-linux-gnu cgroupfs-mount containerd dbus dmsetup gettext-base iptables libapparmor1 libargon2-1 libbinutils libcap2
  libcryptsetup12 libctf-nobfd0 libctf0 libdbus-1-3 libdevmapper1.02.1 libintl-perl libintl-xs-perl libip4tc2 libip6tc2 libjansson4 libjson-c5 libkmod2 libmnl0
  libmodule-find-perl libmodule-scandeps-perl libnetfilter-conntrack3 libnfnetlink0 libnftables1 libnftnl11 libnss-systemd libpam-systemd libproc-processtable-perl
  libsort-naturally-perl libsystemd0 libterm-readkey-perl libxtables12 needrestart netbase nftables runc systemd systemd-sysv systemd-timesyncd xz-utils
Suggested packages:
  apparmor-profiles-extra apparmor-utils binutils-doc containernetworking-plugins default-dbus-session-bus | dbus-session-bus docker-doc aufs-tools btrfs-progs
  debootstrap rinse rootlesskit xfsprogs zfs-fuse | zfsutils-linux firewalld kmod needrestart-session | libnotify-bin iucode-tool systemd-container policykit-1
Recommended packages:
  criu
The following NEW packages will be installed:
  apparmor binutils binutils-common binutils-x86-64-linux-gnu cgroupfs-mount containerd dbus dmsetup docker.io gettext-base iptables libapparmor1 libargon2-1 libbinutils
  libcap2 libcryptsetup12 libctf-nobfd0 libctf0 libdbus-1-3 libdevmapper1.02.1 libintl-perl libintl-xs-perl libip4tc2 libip6tc2 libjansson4 libjson-c5 libkmod2 libmnl0
  libmodule-find-perl libmodule-scandeps-perl libnetfilter-conntrack3 libnfnetlink0 libnftables1 libnftnl11 libnss-systemd libpam-systemd libproc-processtable-perl
  libsort-naturally-perl libterm-readkey-perl libxtables12 needrestart netbase nftables runc systemd systemd-sysv systemd-timesyncd xz-utils
The following packages will be upgraded:
  libsystemd0
1 upgraded, 48 newly installed, 0 to remove and 15 not upgraded.
Need to get 74.8 MB of archives.
After this operation, 325 MB of additional disk space will be used.
Do you want to continue? [Y/n] y
Get:1 http://deb.debian.org/debian bullseye/main amd64 libsystemd0 amd64 247.3-7+deb11u1 [376 kB]
Get:2 http://deb.debian.org/debian bullseye/main amd64 libjansson4 amd64 2.13.1-1.1 [39.7 kB]
Get:3 http://deb.debian.org/debian bullseye/main amd64 libmnl0 amd64 1.0.4-3 [12.5 kB]
Get:4 http://deb.debian.org/debian bullseye/main amd64 libnftnl11 amd64 1.1.9-1 [63.7 kB]
Get:5 http://deb.debian.org/debian bullseye/main amd64 libxtables12 amd64 1.8.7-1 [45.1 kB]
Get:6 http://deb.debian.org/debian bullseye/main amd64 libnftables1 amd64 0.9.8-3.1 [261 kB]
Get:7 http://deb.debian.org/debian bullseye/main amd64 nftables amd64 0.9.8-3.1 [68.5 kB]
Get:8 http://deb.debian.org/debian bullseye/main amd64 libapparmor1 amd64 2.13.6-10 [99.3 kB]
Get:9 http://deb.debian.org/debian bullseye/main amd64 libcap2 amd64 1:2.44-1 [23.6 kB]
Get:10 http://deb.debian.org/debian bullseye/main amd64 libargon2-1 amd64 0~20171227-0.2 [19.6 kB]
Get:11 http://deb.debian.org/debian bullseye/main amd64 dmsetup amd64 2:1.02.175-2.1 [92.1 kB]
Get:12 http://deb.debian.org/debian bullseye/main amd64 libdevmapper1.02.1 amd64 2:1.02.175-2.1 [143 kB]
Get:13 http://deb.debian.org/debian bullseye/main amd64 libjson-c5 amd64 0.15-2 [42.8 kB]
Get:14 http://deb.debian.org/debian bullseye/main amd64 libcryptsetup12 amd64 2:2.3.7-1+deb11u1 [248 kB]
Get:15 http://deb.debian.org/debian bullseye/main amd64 libip4tc2 amd64 1.8.7-1 [34.6 kB]
Get:16 http://deb.debian.org/debian bullseye/main amd64 libkmod2 amd64 28-1 [55.6 kB]
Get:17 http://deb.debian.org/debian bullseye/main amd64 systemd amd64 247.3-7+deb11u1 [4501 kB]
Get:18 http://deb.debian.org/debian bullseye/main amd64 systemd-sysv amd64 247.3-7+deb11u1 [113 kB]
Get:19 http://deb.debian.org/debian bullseye/main amd64 libdbus-1-3 amd64 1.12.20-2 [219 kB]
Get:20 http://deb.debian.org/debian bullseye/main amd64 dbus amd64 1.12.20-2 [239 kB]
Get:21 http://deb.debian.org/debian bullseye/main amd64 runc amd64 1.0.0~rc93+ds1-5+deb11u2 [2428 kB]
Get:22 http://deb.debian.org/debian bullseye/main amd64 containerd amd64 1.4.13~ds1-1~deb11u2 [20.9 MB]
Get:23 http://deb.debian.org/debian bullseye/main amd64 libip6tc2 amd64 1.8.7-1 [35.0 kB]
Get:24 http://deb.debian.org/debian bullseye/main amd64 netbase all 6.3 [19.9 kB]
Get:25 http://deb.debian.org/debian bullseye/main amd64 libnfnetlink0 amd64 1.0.1-3+b1 [13.9 kB]
Get:26 http://deb.debian.org/debian bullseye/main amd64 libnetfilter-conntrack3 amd64 1.0.8-3 [40.6 kB]
Get:27 http://deb.debian.org/debian bullseye/main amd64 iptables amd64 1.8.7-1 [382 kB]
Get:28 http://deb.debian.org/debian bullseye/main amd64 docker.io amd64 20.10.5+dfsg1-1+deb11u2 [36.9 MB]
Get:29 http://deb.debian.org/debian bullseye/main amd64 gettext-base amd64 0.21-4 [175 kB]
Get:30 http://deb.debian.org/debian bullseye/main amd64 libnss-systemd amd64 247.3-7+deb11u1 [199 kB]
Get:31 http://deb.debian.org/debian bullseye/main amd64 libpam-systemd amd64 247.3-7+deb11u1 [283 kB]
Get:32 http://deb.debian.org/debian bullseye/main amd64 systemd-timesyncd amd64 247.3-7+deb11u1 [131 kB]
Get:33 http://deb.debian.org/debian bullseye/main amd64 xz-utils amd64 5.2.5-2.1~deb11u1 [220 kB]
Get:34 http://deb.debian.org/debian bullseye/main amd64 apparmor amd64 2.13.6-10 [640 kB]
Get:35 http://deb.debian.org/debian bullseye/main amd64 binutils-common amd64 2.35.2-2 [2220 kB]
Get:36 http://deb.debian.org/debian bullseye/main amd64 libbinutils amd64 2.35.2-2 [570 kB]
Get:37 http://deb.debian.org/debian bullseye/main amd64 libctf-nobfd0 amd64 2.35.2-2 [110 kB]
Get:38 http://deb.debian.org/debian bullseye/main amd64 libctf0 amd64 2.35.2-2 [53.2 kB]
Get:39 http://deb.debian.org/debian bullseye/main amd64 binutils-x86-64-linux-gnu amd64 2.35.2-2 [1809 kB]
Get:40 http://deb.debian.org/debian bullseye/main amd64 binutils amd64 2.35.2-2 [61.2 kB]
Get:41 http://deb.debian.org/debian bullseye/main amd64 cgroupfs-mount all 1.4 [6276 B]
Get:42 http://deb.debian.org/debian bullseye/main amd64 libintl-perl all 1.26-3+deb11u1 [742 kB]
Get:43 http://deb.debian.org/debian bullseye/main amd64 libintl-xs-perl amd64 1.26-3+deb11u1 [40.7 kB]
Get:44 http://deb.debian.org/debian bullseye/main amd64 libmodule-find-perl all 0.15-1 [11.0 kB]
Get:45 http://deb.debian.org/debian bullseye/main amd64 libmodule-scandeps-perl all 1.30-1 [44.9 kB]
Get:46 http://deb.debian.org/debian bullseye/main amd64 libproc-processtable-perl amd64 0.59-2+b1 [45.9 kB]
Get:47 http://deb.debian.org/debian bullseye/main amd64 libsort-naturally-perl all 1.03-2 [13.5 kB]
Get:48 http://deb.debian.org/debian bullseye/main amd64 libterm-readkey-perl amd64 2.38-1+b2 [27.8 kB]
Get:49 http://deb.debian.org/debian bullseye/main amd64 needrestart all 3.5-4+deb11u2 [62.4 kB]
Fetched 74.8 MB in 1min 10s (1074 kB/s)
debconf: delaying package configuration, since apt-utils is not installed
(Reading database ... 10690 files and directories currently installed.)
Preparing to unpack .../libsystemd0_247.3-7+deb11u1_amd64.deb ...
Unpacking libsystemd0:amd64 (247.3-7+deb11u1) over (247.3-7) ...
Setting up libsystemd0:amd64 (247.3-7+deb11u1) ...
Selecting previously unselected package libjansson4:amd64.
(Reading database ... 10690 files and directories currently installed.)
Preparing to unpack .../00-libjansson4_2.13.1-1.1_amd64.deb ...
Unpacking libjansson4:amd64 (2.13.1-1.1) ...
Selecting previously unselected package libmnl0:amd64.
Preparing to unpack .../01-libmnl0_1.0.4-3_amd64.deb ...
Unpacking libmnl0:amd64 (1.0.4-3) ...
Selecting previously unselected package libnftnl11:amd64.
Preparing to unpack .../02-libnftnl11_1.1.9-1_amd64.deb ...
Unpacking libnftnl11:amd64 (1.1.9-1) ...
Selecting previously unselected package libxtables12:amd64.
Preparing to unpack .../03-libxtables12_1.8.7-1_amd64.deb ...
Unpacking libxtables12:amd64 (1.8.7-1) ...
Selecting previously unselected package libnftables1:amd64.
Preparing to unpack .../04-libnftables1_0.9.8-3.1_amd64.deb ...
Unpacking libnftables1:amd64 (0.9.8-3.1) ...
Selecting previously unselected package nftables.
Preparing to unpack .../05-nftables_0.9.8-3.1_amd64.deb ...
Unpacking nftables (0.9.8-3.1) ...
Selecting previously unselected package libapparmor1:amd64.
Preparing to unpack .../06-libapparmor1_2.13.6-10_amd64.deb ...
Unpacking libapparmor1:amd64 (2.13.6-10) ...
Selecting previously unselected package libcap2:amd64.
Preparing to unpack .../07-libcap2_1%3a2.44-1_amd64.deb ...
Unpacking libcap2:amd64 (1:2.44-1) ...
Selecting previously unselected package libargon2-1:amd64.
Preparing to unpack .../08-libargon2-1_0~20171227-0.2_amd64.deb ...
Unpacking libargon2-1:amd64 (0~20171227-0.2) ...
Selecting previously unselected package dmsetup.
Preparing to unpack .../09-dmsetup_2%3a1.02.175-2.1_amd64.deb ...
Unpacking dmsetup (2:1.02.175-2.1) ...
Selecting previously unselected package libdevmapper1.02.1:amd64.
Preparing to unpack .../10-libdevmapper1.02.1_2%3a1.02.175-2.1_amd64.deb ...
Unpacking libdevmapper1.02.1:amd64 (2:1.02.175-2.1) ...
Selecting previously unselected package libjson-c5:amd64.
Preparing to unpack .../11-libjson-c5_0.15-2_amd64.deb ...
Unpacking libjson-c5:amd64 (0.15-2) ...
Selecting previously unselected package libcryptsetup12:amd64.
Preparing to unpack .../12-libcryptsetup12_2%3a2.3.7-1+deb11u1_amd64.deb ...
Unpacking libcryptsetup12:amd64 (2:2.3.7-1+deb11u1) ...
Selecting previously unselected package libip4tc2:amd64.
Preparing to unpack .../13-libip4tc2_1.8.7-1_amd64.deb ...
Unpacking libip4tc2:amd64 (1.8.7-1) ...
Selecting previously unselected package libkmod2:amd64.
Preparing to unpack .../14-libkmod2_28-1_amd64.deb ...
Unpacking libkmod2:amd64 (28-1) ...
Selecting previously unselected package systemd.
Preparing to unpack .../15-systemd_247.3-7+deb11u1_amd64.deb ...
Unpacking systemd (247.3-7+deb11u1) ...
Setting up libapparmor1:amd64 (2.13.6-10) ...
Setting up libcap2:amd64 (1:2.44-1) ...
Setting up libargon2-1:amd64 (0~20171227-0.2) ...
Setting up libjson-c5:amd64 (0.15-2) ...
Setting up libip4tc2:amd64 (1.8.7-1) ...
Setting up libkmod2:amd64 (28-1) ...
Setting up libdevmapper1.02.1:amd64 (2:1.02.175-2.1) ...
Setting up libcryptsetup12:amd64 (2:2.3.7-1+deb11u1) ...
Setting up systemd (247.3-7+deb11u1) ...
Created symlink /etc/systemd/system/getty.target.wants/getty@tty1.service → /lib/systemd/system/getty@.service.
Created symlink /etc/systemd/system/multi-user.target.wants/remote-fs.target → /lib/systemd/system/remote-fs.target.
Created symlink /etc/systemd/system/sysinit.target.wants/systemd-pstore.service → /lib/systemd/system/systemd-pstore.service.
Initializing machine ID from random generator.
Setting up dmsetup (2:1.02.175-2.1) ...
Selecting previously unselected package systemd-sysv.
(Reading database ... 11610 files and directories currently installed.)
Preparing to unpack .../00-systemd-sysv_247.3-7+deb11u1_amd64.deb ...
Unpacking systemd-sysv (247.3-7+deb11u1) ...
Selecting previously unselected package libdbus-1-3:amd64.
Preparing to unpack .../01-libdbus-1-3_1.12.20-2_amd64.deb ...
Unpacking libdbus-1-3:amd64 (1.12.20-2) ...
Selecting previously unselected package dbus.
Preparing to unpack .../02-dbus_1.12.20-2_amd64.deb ...
Unpacking dbus (1.12.20-2) ...
Selecting previously unselected package runc.
Preparing to unpack .../03-runc_1.0.0~rc93+ds1-5+deb11u2_amd64.deb ...
Unpacking runc (1.0.0~rc93+ds1-5+deb11u2) ...
Selecting previously unselected package containerd.
Preparing to unpack .../04-containerd_1.4.13~ds1-1~deb11u2_amd64.deb ...
Unpacking containerd (1.4.13~ds1-1~deb11u2) ...
Selecting previously unselected package libip6tc2:amd64.
Preparing to unpack .../05-libip6tc2_1.8.7-1_amd64.deb ...
Unpacking libip6tc2:amd64 (1.8.7-1) ...
Selecting previously unselected package netbase.
Preparing to unpack .../06-netbase_6.3_all.deb ...
Unpacking netbase (6.3) ...
Selecting previously unselected package libnfnetlink0:amd64.
Preparing to unpack .../07-libnfnetlink0_1.0.1-3+b1_amd64.deb ...
Unpacking libnfnetlink0:amd64 (1.0.1-3+b1) ...
Selecting previously unselected package libnetfilter-conntrack3:amd64.
Preparing to unpack .../08-libnetfilter-conntrack3_1.0.8-3_amd64.deb ...
Unpacking libnetfilter-conntrack3:amd64 (1.0.8-3) ...
Selecting previously unselected package iptables.
Preparing to unpack .../09-iptables_1.8.7-1_amd64.deb ...
Unpacking iptables (1.8.7-1) ...
Selecting previously unselected package docker.io.
Preparing to unpack .../10-docker.io_20.10.5+dfsg1-1+deb11u2_amd64.deb ...
Unpacking docker.io (20.10.5+dfsg1-1+deb11u2) ...
Selecting previously unselected package gettext-base.
Preparing to unpack .../11-gettext-base_0.21-4_amd64.deb ...
Unpacking gettext-base (0.21-4) ...
Selecting previously unselected package libnss-systemd:amd64.
Preparing to unpack .../12-libnss-systemd_247.3-7+deb11u1_amd64.deb ...
Unpacking libnss-systemd:amd64 (247.3-7+deb11u1) ...
Selecting previously unselected package libpam-systemd:amd64.
Preparing to unpack .../13-libpam-systemd_247.3-7+deb11u1_amd64.deb ...
Unpacking libpam-systemd:amd64 (247.3-7+deb11u1) ...
Selecting previously unselected package systemd-timesyncd.
Preparing to unpack .../14-systemd-timesyncd_247.3-7+deb11u1_amd64.deb ...
Unpacking systemd-timesyncd (247.3-7+deb11u1) ...
Selecting previously unselected package xz-utils.
Preparing to unpack .../15-xz-utils_5.2.5-2.1~deb11u1_amd64.deb ...
Unpacking xz-utils (5.2.5-2.1~deb11u1) ...
Selecting previously unselected package apparmor.
Preparing to unpack .../16-apparmor_2.13.6-10_amd64.deb ...
Unpacking apparmor (2.13.6-10) ...
Selecting previously unselected package binutils-common:amd64.
Preparing to unpack .../17-binutils-common_2.35.2-2_amd64.deb ...
Unpacking binutils-common:amd64 (2.35.2-2) ...
Selecting previously unselected package libbinutils:amd64.
Preparing to unpack .../18-libbinutils_2.35.2-2_amd64.deb ...
Unpacking libbinutils:amd64 (2.35.2-2) ...
Selecting previously unselected package libctf-nobfd0:amd64.
Preparing to unpack .../19-libctf-nobfd0_2.35.2-2_amd64.deb ...
Unpacking libctf-nobfd0:amd64 (2.35.2-2) ...
Selecting previously unselected package libctf0:amd64.
Preparing to unpack .../20-libctf0_2.35.2-2_amd64.deb ...
Unpacking libctf0:amd64 (2.35.2-2) ...
Selecting previously unselected package binutils-x86-64-linux-gnu.
Preparing to unpack .../21-binutils-x86-64-linux-gnu_2.35.2-2_amd64.deb ...
Unpacking binutils-x86-64-linux-gnu (2.35.2-2) ...
Selecting previously unselected package binutils.
Preparing to unpack .../22-binutils_2.35.2-2_amd64.deb ...
Unpacking binutils (2.35.2-2) ...
Selecting previously unselected package cgroupfs-mount.
Preparing to unpack .../23-cgroupfs-mount_1.4_all.deb ...
Unpacking cgroupfs-mount (1.4) ...
Selecting previously unselected package libintl-perl.
Preparing to unpack .../24-libintl-perl_1.26-3+deb11u1_all.deb ...
Unpacking libintl-perl (1.26-3+deb11u1) ...
Selecting previously unselected package libintl-xs-perl.
Preparing to unpack .../25-libintl-xs-perl_1.26-3+deb11u1_amd64.deb ...
Unpacking libintl-xs-perl (1.26-3+deb11u1) ...
Selecting previously unselected package libmodule-find-perl.
Preparing to unpack .../26-libmodule-find-perl_0.15-1_all.deb ...
Unpacking libmodule-find-perl (0.15-1) ...
Selecting previously unselected package libmodule-scandeps-perl.
Preparing to unpack .../27-libmodule-scandeps-perl_1.30-1_all.deb ...
Unpacking libmodule-scandeps-perl (1.30-1) ...
Selecting previously unselected package libproc-processtable-perl.
Preparing to unpack .../28-libproc-processtable-perl_0.59-2+b1_amd64.deb ...
Unpacking libproc-processtable-perl (0.59-2+b1) ...
Selecting previously unselected package libsort-naturally-perl.
Preparing to unpack .../29-libsort-naturally-perl_1.03-2_all.deb ...
Unpacking libsort-naturally-perl (1.03-2) ...
Selecting previously unselected package libterm-readkey-perl.
Preparing to unpack .../30-libterm-readkey-perl_2.38-1+b2_amd64.deb ...
Unpacking libterm-readkey-perl (2.38-1+b2) ...
Selecting previously unselected package needrestart.
Preparing to unpack .../31-needrestart_3.5-4+deb11u2_all.deb ...
Unpacking needrestart (3.5-4+deb11u2) ...
Setting up systemd-sysv (247.3-7+deb11u1) ...
Setting up libip6tc2:amd64 (1.8.7-1) ...
Setting up binutils-common:amd64 (2.35.2-2) ...
Setting up libctf-nobfd0:amd64 (2.35.2-2) ...
Setting up gettext-base (0.21-4) ...
Setting up libnss-systemd:amd64 (247.3-7+deb11u1) ...
First installation detected...
Checking NSS setup...
Setting up runc (1.0.0~rc93+ds1-5+deb11u2) ...
Setting up libjansson4:amd64 (2.13.1-1.1) ...
Setting up apparmor (2.13.6-10) ...
debconf: unable to initialize frontend: Dialog
debconf: (No usable dialog-like program is installed, so the dialog based frontend cannot be used. at /usr/share/perl5/Debconf/FrontEnd/Dialog.pm line 78.)
debconf: falling back to frontend: Readline
Created symlink /etc/systemd/system/sysinit.target.wants/apparmor.service → /lib/systemd/system/apparmor.service.
Setting up libmodule-find-perl (0.15-1) ...
Setting up libdbus-1-3:amd64 (1.12.20-2) ...
Setting up dbus (1.12.20-2) ...
invoke-rc.d: could not determine current runlevel
invoke-rc.d: policy-rc.d denied execution of start.
Setting up xz-utils (5.2.5-2.1~deb11u1) ...
update-alternatives: using /usr/bin/xz to provide /usr/bin/lzma (lzma) in auto mode
Setting up libmnl0:amd64 (1.0.4-3) ...
Setting up systemd-timesyncd (247.3-7+deb11u1) ...
Created symlink /etc/systemd/system/dbus-org.freedesktop.timesync1.service → /lib/systemd/system/systemd-timesyncd.service.
Created symlink /etc/systemd/system/sysinit.target.wants/systemd-timesyncd.service → /lib/systemd/system/systemd-timesyncd.service.
Setting up libxtables12:amd64 (1.8.7-1) ...
Setting up libproc-processtable-perl (0.59-2+b1) ...
Setting up libnfnetlink0:amd64 (1.0.1-3+b1) ...
Setting up libintl-perl (1.26-3+deb11u1) ...
Setting up libpam-systemd:amd64 (247.3-7+deb11u1) ...
debconf: unable to initialize frontend: Dialog
debconf: (No usable dialog-like program is installed, so the dialog based frontend cannot be used. at /usr/share/perl5/Debconf/FrontEnd/Dialog.pm line 78.)
debconf: falling back to frontend: Readline
Setting up netbase (6.3) ...
Setting up cgroupfs-mount (1.4) ...
invoke-rc.d: could not determine current runlevel
invoke-rc.d: policy-rc.d denied execution of start.
Setting up libterm-readkey-perl (2.38-1+b2) ...
Setting up libbinutils:amd64 (2.35.2-2) ...
Setting up containerd (1.4.13~ds1-1~deb11u2) ...
Created symlink /etc/systemd/system/multi-user.target.wants/containerd.service → /lib/systemd/system/containerd.service.
Setting up libsort-naturally-perl (1.03-2) ...
Setting up libmodule-scandeps-perl (1.30-1) ...
Setting up libctf0:amd64 (2.35.2-2) ...
Setting up libnftnl11:amd64 (1.1.9-1) ...
Setting up libintl-xs-perl (1.26-3+deb11u1) ...
Setting up libnetfilter-conntrack3:amd64 (1.0.8-3) ...
Setting up binutils-x86-64-linux-gnu (2.35.2-2) ...
Setting up libnftables1:amd64 (0.9.8-3.1) ...
Setting up nftables (0.9.8-3.1) ...
Setting up iptables (1.8.7-1) ...
update-alternatives: using /usr/sbin/iptables-legacy to provide /usr/sbin/iptables (iptables) in auto mode
update-alternatives: using /usr/sbin/ip6tables-legacy to provide /usr/sbin/ip6tables (ip6tables) in auto mode
update-alternatives: using /usr/sbin/iptables-nft to provide /usr/sbin/iptables (iptables) in auto mode
update-alternatives: using /usr/sbin/ip6tables-nft to provide /usr/sbin/ip6tables (ip6tables) in auto mode
update-alternatives: using /usr/sbin/arptables-nft to provide /usr/sbin/arptables (arptables) in auto mode
update-alternatives: using /usr/sbin/ebtables-nft to provide /usr/sbin/ebtables (ebtables) in auto mode
Setting up docker.io (20.10.5+dfsg1-1+deb11u2) ...
Adding group `docker' (GID 107) ...
Done.
invoke-rc.d: could not determine current runlevel
invoke-rc.d: policy-rc.d denied execution of start.
Created symlink /etc/systemd/system/multi-user.target.wants/docker.service → /lib/systemd/system/docker.service.
Created symlink /etc/systemd/system/sockets.target.wants/docker.socket → /lib/systemd/system/docker.socket.
Setting up binutils (2.35.2-2) ...
Setting up needrestart (3.5-4+deb11u2) ...
Processing triggers for libc-bin (2.31-13+deb11u3) ...
root@cd7f0991620f:/#